{"D:\\l\\jest\\src\\asyncFunction.ts": {"path":"D:\\l\\jest\\src\\asyncFunction.ts","all":false,"statementMap":{"0":{"start":{"line":1,"column":0},"end":{"line":1,"column":49}},"1":{"start":{"line":2,"column":0},"end":{"line":2,"column":34}},"2":{"start":{"line":3,"column":0},"end":{"line":3,"column":29}},"3":{"start":{"line":4,"column":0},"end":{"line":4,"column":4}},"4":{"start":{"line":5,"column":0},"end":{"line":5,"column":13}},"5":{"start":{"line":6,"column":0},"end":{"line":6,"column":1}}},"s":{"0":1,"1":1,"2":1,"3":1,"4":1,"5":1},"branchMap":{"0":{"type":"branch","line":1,"loc":{"start":{"line":1,"column":22},"end":{"line":1,"column":42}},"locations":[{"start":{"line":1,"column":22},"end":{"line":1,"column":42}}]},"1":{"type":"branch","line":1,"loc":{"start":{"line":1,"column":7},"end":{"line":6,"column":1}},"locations":[{"start":{"line":1,"column":7},"end":{"line":6,"column":1}}]},"2":{"type":"branch","line":2,"loc":{"start":{"line":2,"column":20},"end":{"line":4,"column":4}},"locations":[{"start":{"line":2,"column":20},"end":{"line":4,"column":4}}]}},"b":{"0":[1],"1":[1],"2":[1]},"fnMap":{"0":{"name":"get","decl":{"start":{"line":1,"column":22},"end":{"line":1,"column":42}},"loc":{"start":{"line":1,"column":22},"end":{"line":1,"column":42}},"line":1},"1":{"name":"getNameAfterASecond","decl":{"start":{"line":1,"column":7},"end":{"line":6,"column":1}},"loc":{"start":{"line":1,"column":7},"end":{"line":6,"column":1}},"line":1}},"f":{"0":1,"1":1}}
}
